#
# A fatal error has been detected by the Java Runtime Environment:
#
#  EXCEPTION_ACCESS_VIOLATION (0xc0000005) at pc=0x000000018005c57a, pid=13740, tid=12860
#
# JRE version: Java(TM) SE Runtime Environment (8.0_20-b26) (build 1.8.0_20-b26)
# Java VM: Java HotSpot(TM) 64-Bit Server VM (25.20-b23 mixed mode windows-amd64 compressed oops)
# Problematic frame:
# C  [cygwin1.dll+0x1c57a]
#
# Failed to write core dump. Minidumps are not enabled by default on client versions of Windows
#
# If you would like to submit a bug report, please visit:
#   http://bugreport.sun.com/bugreport/crash.jsp
#

---------------  T H R E A D  ---------------

Current thread (0x000000001d0b7000):  JavaThread "AWT-EventQueue-0" [_thread_in_Java, id=12860, stack(0x00000000224c0000,0x00000000225c0000)]

siginfo: ExceptionCode=0xc0000005, reading address 0x0000000000000024

Registers:
RAX=0x000000000000000c, RBX=0x00000000225bd140, RCX=0x00000000225bd848, RDX=0x0000000000000000
RSP=0x00000000225bc960, RBP=0x00007fff656bc5f8, RSI=0x00000000225c0000, RDI=0x0000000000b8f550
R8 =0x00000000225bc998, R9 =0x00007fff656bc5f8, R10=0x0000000000000000, R11=0x0000000000000246
R12=0x00007fff656bc600, R13=0x0000000000000000, R14=0x000000018005c550, R15=0x0000000000b8f560
RIP=0x000000018005c57a, EFLAGS=0x0000000000010206

Top of Stack: (sp=0x00000000225bc960)
0x00000000225bc960:   00000000030b29dc 000000001d0b7000
0x00000000225bc970:   0000000019d14c78 000000001d0b7000
0x00000000225bc980:   00000000225bc9f0 0000000000000000
0x00000000225bc990:   0000000000b8f550 00007fff655daac0
0x00000000225bc9a0:   0000000000000000 00007fff655e1069
0x00000000225bc9b0:   0000000000b707d8 00000000225bd100
0x00000000225bc9c0:   0000000000000000 0000000063455188
0x00000000225bc9d0:   0000000000000003 000000000090a000
0x00000000225bc9e0:   00000000225bd630 00000000225bd140
0x00000000225bc9f0:   00000000225bd630 00000000030b29dc
0x00000000225bca00:   00000000225bd848 0000000002dc0000
0x00000000225bca10:   00000000225bd630 0000000000000000
0x00000000225bca20:   00000000225bd140 00000000225bcb40
0x00000000225bca30:   0000000000000001 00007fff655b8b4e
0x00000000225bca40:   00000000225bd630 00000000225bd140
0x00000000225bca50:   00000000199b5100 00000000ca528305 

Instructions: (pc=0x000000018005c57a)
0x000000018005c55a:   25 30 00 00 00 48 8b 70 08 48 8b 86 08 e4 ff ff
0x000000018005c56a:   48 85 c0 74 43 48 8b 59 08 48 8b 8b 98 00 00 00
0x000000018005c57a:   48 39 48 18 76 1c 48 89 d9 e8 98 eb ff ff 48 8b
0x000000018005c58a:   86 08 e4 ff ff 48 8b 50 18 48 39 93 98 00 00 00 


Register to memory mapping:

RAX=0x000000000000000c is an unknown value
RBX=0x00000000225bd140 is pointing into the stack for thread: 0x000000001d0b7000
RCX=0x00000000225bd848 is pointing into the stack for thread: 0x000000001d0b7000
RDX=0x0000000000000000 is an unknown value
RSP=0x00000000225bc960 is pointing into the stack for thread: 0x000000001d0b7000
RBP=0x00007fff656bc5f8 is an unknown value
RSI=0x00000000225c0000 is pointing into the stack for thread: 0x000000001d0b7000
RDI=0x0000000000b8f550 is an unknown value
R8 =0x00000000225bc998 is pointing into the stack for thread: 0x000000001d0b7000
R9 =0x00007fff656bc5f8 is an unknown value
R10=0x0000000000000000 is an unknown value
R11=0x0000000000000246 is an unknown value
R12=0x00007fff656bc600 is an unknown value
R13=0x0000000000000000 is an unknown value
R14=0x000000018005c550 is an unknown value
R15=0x0000000000b8f560 is an unknown value


Stack: [0x00000000224c0000,0x00000000225c0000],  sp=0x00000000225bc960,  free space=1010k
Native frames: (J=compiled Java code, j=interpreted, Vv=VM code, C=native code)
C  [cygwin1.dll+0x1c57a]
C  [ntdll.dll+0x6aac0]
C  [ntdll.dll+0x48b4e]
C  [ntdll.dll+0xa8a3a]
C  0x00000000030b29dc


---------------  P R O C E S S  ---------------

Java Threads: ( => current thread )
  0x000000001d3c4000 JavaThread "TimerQueue" daemon [_thread_blocked, id=14520, stack(0x00000000278e0000,0x00000000279e0000)]
  0x000000001d657000 JavaThread "Swing-Shell" daemon [_thread_blocked, id=11704, stack(0x0000000026210000,0x0000000026310000)]
  0x000000001c5e8800 JavaThread "Image Fetcher 0" daemon [_thread_blocked, id=9516, stack(0x0000000026110000,0x0000000026210000)]
  0x0000000002cc3800 JavaThread "DestroyJavaVM" [_thread_blocked, id=13868, stack(0x0000000002bc0000,0x0000000002cc0000)]
  0x0000000023b37000 JavaThread "main-AWTAnimator#00" [_thread_blocked, id=9484, stack(0x0000000025b60000,0x0000000025c60000)]
  0x000000001d37d800 JavaThread "main-SharedResourceRunner" daemon [_thread_blocked, id=11752, stack(0x0000000024cb0000,0x0000000024db0000)]
  0x000000001d2b9000 JavaThread "D3D Screen Updater" daemon [_thread_blocked, id=8412, stack(0x0000000022ed0000,0x0000000022fd0000)]
=>0x000000001d0b7000 JavaThread "AWT-EventQueue-0" [_thread_in_Java, id=12860, stack(0x00000000224c0000,0x00000000225c0000)]
  0x000000001d050800 JavaThread "AWT-Windows" daemon [_thread_in_native, id=14424, stack(0x000000001ddb0000,0x000000001deb0000)]
  0x000000001c665800 JavaThread "AWT-Shutdown" [_thread_blocked, id=12340, stack(0x000000001dcb0000,0x000000001ddb0000)]
  0x000000001c665000 JavaThread "Java2D Disposer" daemon [_thread_blocked, id=12808, stack(0x000000001dad0000,0x000000001dbd0000)]
  0x000000001c3f8800 JavaThread "Service Thread" daemon [_thread_blocked, id=11588, stack(0x000000001ccd0000,0x000000001cdd0000)]
  0x000000001c363000 JavaThread "C1 CompilerThread3" daemon [_thread_blocked, id=13568, stack(0x000000001cbd0000,0x000000001ccd0000)]
  0x000000001c35d000 JavaThread "C2 CompilerThread2" daemon [_thread_blocked, id=4600, stack(0x000000001cad0000,0x000000001cbd0000)]
  0x000000001c35b800 JavaThread "C2 CompilerThread1" daemon [_thread_blocked, id=4816, stack(0x000000001c9d0000,0x000000001cad0000)]
  0x000000001c359800 JavaThread "C2 CompilerThread0" daemon [_thread_in_native, id=11908, stack(0x000000001c8d0000,0x000000001c9d0000)]
  0x000000001c358000 JavaThread "Attach Listener" daemon [_thread_blocked, id=11212, stack(0x000000001c7d0000,0x000000001c8d0000)]
  0x000000001c357800 JavaThread "Signal Dispatcher" daemon [_thread_blocked, id=4408, stack(0x000000001c6d0000,0x000000001c7d0000)]
  0x000000001a2cc800 JavaThread "Finalizer" daemon [_thread_blocked, id=15120, stack(0x000000001c1a0000,0x000000001c2a0000)]
  0x0000000002db5800 JavaThread "Reference Handler" daemon [_thread_blocked, id=4768, stack(0x000000001c0a0000,0x000000001c1a0000)]

Other Threads:
  0x000000001a2c8800 VMThread [stack: 0x000000001bfa0000,0x000000001c0a0000] [id=14556]
  0x000000001c3f9800 WatcherThread [stack: 0x000000001cdd0000,0x000000001ced0000] [id=14160]

VM state:synchronizing (normal execution)

VM Mutex/Monitor currently owned by a thread:  ([mutex/lock_event])
[0x0000000002cc08d0] Safepoint_lock - owner thread: 0x000000001a2c8800
[0x0000000002cc0c50] Threads_lock - owner thread: 0x000000001a2c8800

Heap:
 PSYoungGen      total 57344K, used 6402K [0x0000000780700000, 0x0000000784700000, 0x00000007c0000000)
  eden space 49152K, 3% used [0x0000000780700000,0x0000000780875cc0,0x0000000783700000)
  from space 8192K, 59% used [0x0000000783f00000,0x00000007843cada0,0x0000000784700000)
  to   space 8192K, 0% used [0x0000000783700000,0x0000000783700000,0x0000000783f00000)
 ParOldGen       total 131072K, used 32K [0x0000000701400000, 0x0000000709400000, 0x0000000780700000)
  object space 131072K, 0% used [0x0000000701400000,0x0000000701408000,0x0000000709400000)
 Metaspace       used 19909K, capacity 20076K, committed 20352K, reserved 1067008K
  class space    used 2267K, capacity 2320K, committed 2432K, reserved 1048576K

Card table byte_map: [0x0000000012180000,0x0000000012780000] byte_map_base: 0x000000000e976000

Marking Bits: (ParMarkBitMap*) 0x000000006391b460
 Begin Bits: [0x0000000013380000, 0x0000000016330000)
 End Bits:   [0x0000000016330000, 0x00000000192e0000)

Polling page: 0x0000000000b40000

CodeCache: size=245760Kb used=5767Kb max_used=5788Kb free=239992Kb
 bounds [0x0000000002dc0000, 0x0000000003370000, 0x0000000011dc0000]
 total_blobs=2652 nmethods=1747 adapters=818
 compilation: enabled

Compilation events (10 events):
Event: 10.707 Thread 0x000000001c363000 1745       1       particlefluids.Particle::changePos (6 bytes)
Event: 10.707 Thread 0x000000001c363000 nmethod 1745 0x000000000334ef90 code [0x000000000334f0e0, 0x000000000334f210]
Event: 10.707 Thread 0x000000001c363000 1746       3       forces.Incompressibility::applyForce (573 bytes)
Event: 10.710 Thread 0x000000001c35b800 1747       4       java.util.HashMap::newNode (13 bytes)
Event: 10.710 Thread 0x000000001c35d000 1748       4       javax.vecmath.Point3d::<init> (6 bytes)
Event: 10.711 Thread 0x000000001c363000 nmethod 1746 0x000000000335e9d0 code [0x000000000335f2e0, 0x0000000003365568]
Event: 10.711 Thread 0x000000001c35d000 nmethod 1748 0x000000000334aa90 code [0x000000000334abc0, 0x000000000334ac58]
Event: 10.711 Thread 0x000000001c35d000 1749       4       java.util.HashSet::add (20 bytes)
Event: 10.711 Thread 0x000000001c35b800 nmethod 1747 0x000000000334a790 code [0x000000000334a8e0, 0x000000000334a9f8]
Event: 10.711 Thread 0x000000001c35d000 nmethod 1749 0x000000000334a450 code [0x000000000334a5a0, 0x000000000334a668]

GC Heap History (4 events):
Event: 8.799 GC heap before
{Heap before GC invocations=1 (full 0):
 PSYoungGen      total 57344K, used 49152K [0x0000000780700000, 0x0000000784700000, 0x00000007c0000000)
  eden space 49152K, 100% used [0x0000000780700000,0x0000000783700000,0x0000000783700000)
  from space 8192K, 0% used [0x0000000783f00000,0x0000000783f00000,0x0000000784700000)
  to   space 8192K, 0% used [0x0000000783700000,0x0000000783700000,0x0000000783f00000)
 ParOldGen       total 131072K, used 0K [0x0000000701400000, 0x0000000709400000, 0x0000000780700000)
  object space 131072K, 0% used [0x0000000701400000,0x0000000701400000,0x0000000709400000)
 Metaspace       used 19686K, capacity 19852K, committed 20224K, reserved 1067008K
  class space    used 2251K, capacity 2288K, committed 2304K, reserved 1048576K
Event: 8.805 GC heap after
Heap after GC invocations=1 (full 0):
 PSYoungGen      total 57344K, used 7288K [0x0000000780700000, 0x0000000784700000, 0x00000007c0000000)
  eden space 49152K, 0% used [0x0000000780700000,0x0000000780700000,0x0000000783700000)
  from space 8192K, 88% used [0x0000000783700000,0x0000000783e1e248,0x0000000783f00000)
  to   space 8192K, 0% used [0x0000000783f00000,0x0000000783f00000,0x0000000784700000)
 ParOldGen       total 131072K, used 24K [0x0000000701400000, 0x0000000709400000, 0x0000000780700000)
  object space 131072K, 0% used [0x0000000701400000,0x0000000701406000,0x0000000709400000)
 Metaspace       used 19686K, capacity 19852K, committed 20224K, reserved 1067008K
  class space    used 2251K, capacity 2288K, committed 2304K, reserved 1048576K
}
Event: 10.712 GC heap before
{Heap before GC invocations=2 (full 0):
 PSYoungGen      total 57344K, used 56440K [0x0000000780700000, 0x0000000784700000, 0x00000007c0000000)
  eden space 49152K, 100% used [0x0000000780700000,0x0000000783700000,0x0000000783700000)
  from space 8192K, 88% used [0x0000000783700000,0x0000000783e1e248,0x0000000783f00000)
  to   space 8192K, 0% used [0x0000000783f00000,0x0000000783f00000,0x0000000784700000)
 ParOldGen       total 131072K, used 24K [0x0000000701400000, 0x0000000709400000, 0x0000000780700000)
  object space 131072K, 0% used [0x0000000701400000,0x0000000701406000,0x0000000709400000)
 Metaspace       used 19909K, capacity 20076K, committed 20352K, reserved 1067008K
  class space    used 2267K, capacity 2320K, committed 2432K, reserved 1048576K
Event: 10.717 GC heap after
Heap after GC invocations=2 (full 0):
 PSYoungGen      total 57344K, used 4907K [0x0000000780700000, 0x0000000784700000, 0x00000007c0000000)
  eden space 49152K, 0% used [0x0000000780700000,0x0000000780700000,0x0000000783700000)
  from space 8192K, 59% used [0x0000000783f00000,0x00000007843cada0,0x0000000784700000)
  to   space 8192K, 0% used [0x0000000783700000,0x0000000783700000,0x0000000783f00000)
 ParOldGen       total 131072K, used 32K [0x0000000701400000, 0x0000000709400000, 0x0000000780700000)
  object space 131072K, 0% used [0x0000000701400000,0x0000000701408000,0x0000000709400000)
 Metaspace       used 19909K, capacity 20076K, committed 20352K, reserved 1067008K
  class space    used 2267K, capacity 2320K, committed 2432K, reserved 1048576K
}

Deoptimization events (6 events):
Event: 3.442 Thread 0x0000000002cc3800 Uncommon trap: reason=unreached action=reinterpret pc=0x00000000030afaf0 method=java.lang.reflect.AccessibleObject.setAccessible0(Ljava/lang/reflect/AccessibleObject;Z)V @ 4
Event: 7.114 Thread 0x000000001d0b7000 Uncommon trap: reason=unloaded action=reinterpret pc=0x0000000002f036d0 method=java.lang.CharacterData.of(I)Ljava/lang/CharacterData; @ 96
Event: 7.293 Thread 0x000000001d0b7000 Uncommon trap: reason=class_check action=maybe_recompile pc=0x0000000002f89b50 method=java.lang.String.equals(Ljava/lang/Object;)Z @ 8
Event: 7.299 Thread 0x000000001d0b7000 Uncommon trap: reason=class_check action=maybe_recompile pc=0x0000000002f89b50 method=java.lang.String.equals(Ljava/lang/Object;)Z @ 8
Event: 7.299 Thread 0x000000001d0b7000 Uncommon trap: reason=class_check action=maybe_recompile pc=0x0000000002f89b50 method=java.lang.String.equals(Ljava/lang/Object;)Z @ 8
Event: 7.299 Thread 0x000000001d0b7000 Uncommon trap: reason=class_check action=maybe_recompile pc=0x0000000002f89b50 method=java.lang.String.equals(Ljava/lang/Object;)Z @ 8

Internal exceptions (10 events):
Event: 8.778 Thread 0x000000001d0b7000 Exception <a 'java/security/PrivilegedActionException'> (0x000000078357d900) thrown at [D:\re\workspace\8-2-build-windows-amd64-cygwin\jdk8u20\1074\hotspot\src\share\vm\prims\jvm.cpp, line 1275]
Event: 8.778 Thread 0x000000001d0b7000 Exception <a 'java/security/PrivilegedActionException'> (0x0000000783581ca8) thrown at [D:\re\workspace\8-2-build-windows-amd64-cygwin\jdk8u20\1074\hotspot\src\share\vm\prims\jvm.cpp, line 1275]
Event: 8.782 Thread 0x000000001d0b7000 Exception <a 'java/security/PrivilegedActionException'> (0x00000007835bc918) thrown at [D:\re\workspace\8-2-build-windows-amd64-cygwin\jdk8u20\1074\hotspot\src\share\vm\prims\jvm.cpp, line 1275]
Event: 8.822 Thread 0x000000001d0b7000 Exception <a 'java/security/PrivilegedActionException'> (0x0000000780c48df8) thrown at [D:\re\workspace\8-2-build-windows-amd64-cygwin\jdk8u20\1074\hotspot\src\share\vm\prims\jvm.cpp, line 1275]
Event: 10.599 Thread 0x000000001d0b7000 Exception <a 'java/security/PrivilegedActionException'> (0x0000000780c81f10) thrown at [D:\re\workspace\8-2-build-windows-amd64-cygwin\jdk8u20\1074\hotspot\src\share\vm\prims\jvm.cpp, line 1275]
Event: 10.599 Thread 0x000000001d0b7000 Exception <a 'java/security/PrivilegedActionException'> (0x0000000780c84250) thrown at [D:\re\workspace\8-2-build-windows-amd64-cygwin\jdk8u20\1074\hotspot\src\share\vm\prims\jvm.cpp, line 1275]
Event: 10.632 Thread 0x000000001d0b7000 Exception <a 'java/security/PrivilegedActionException'> (0x00000007818abfc8) thrown at [D:\re\workspace\8-2-build-windows-amd64-cygwin\jdk8u20\1074\hotspot\src\share\vm\prims\jvm.cpp, line 1275]
Event: 10.633 Thread 0x000000001d0b7000 Exception <a 'java/security/PrivilegedActionException'> (0x00000007818b55f8) thrown at [D:\re\workspace\8-2-build-windows-amd64-cygwin\jdk8u20\1074\hotspot\src\share\vm\prims\jvm.cpp, line 1275]
Event: 10.633 Thread 0x000000001d0b7000 Exception <a 'java/security/PrivilegedActionException'> (0x00000007818ba5e8) thrown at [D:\re\workspace\8-2-build-windows-amd64-cygwin\jdk8u20\1074\hotspot\src\share\vm\prims\jvm.cpp, line 1275]
Event: 10.676 Thread 0x000000001d0b7000 Exception <a 'java/security/PrivilegedActionException'> (0x00000007829cf260) thrown at [D:\re\workspace\8-2-build-windows-amd64-cygwin\jdk8u20\1074\hotspot\src\share\vm\prims\jvm.cpp, line 1275]

Events (10 events):
Event: 10.701 Thread 0x000000001d0b7000 DEOPT UNPACKING pc=0x0000000002e075bf sp=0x00000000225bd5a0 mode 0
Event: 10.701 Thread 0x000000001d0b7000 DEOPT PACKING pc=0x000000000332a5d2 sp=0x00000000225bd820
Event: 10.701 Thread 0x000000001d0b7000 DEOPT UNPACKING pc=0x0000000002e075bf sp=0x00000000225bd5a0 mode 0
Event: 10.712 Executing VM operation: ParallelGCFailedAllocation
Event: 10.717 Executing VM operation: ParallelGCFailedAllocation done
Event: 10.717 Executing VM operation: RevokeBias
Event: 10.717 Executing VM operation: RevokeBias done
Event: 10.717 Executing VM operation: RevokeBias
Event: 10.717 Executing VM operation: RevokeBias done
Event: 10.717 Executing VM operation: RevokeBias


Dynamic libraries:
0x00007ff635360000 - 0x00007ff635394000 	C:\Program Files\Java\jdk1.8.0_20\bin\javaw.exe
0x00007fff65570000 - 0x00007fff65741000 	C:\WINDOWS\SYSTEM32\ntdll.dll
0x00007fff631a0000 - 0x00007fff6324b000 	C:\WINDOWS\System32\KERNEL32.DLL
0x00007fff61cd0000 - 0x00007fff61eed000 	C:\WINDOWS\System32\KERNELBASE.dll
0x00007fff5ff80000 - 0x00007fff5fffa000 	C:\WINDOWS\system32\apphelp.dll
0x00007fff64fc0000 - 0x00007fff65062000 	C:\WINDOWS\System32\ADVAPI32.dll
0x00007fff65070000 - 0x00007fff6510e000 	C:\WINDOWS\System32\msvcrt.dll
0x00007fff63140000 - 0x00007fff63199000 	C:\WINDOWS\System32\sechost.dll
0x00007fff62ee0000 - 0x00007fff63001000 	C:\WINDOWS\System32\RPCRT4.dll
0x00007fff62b60000 - 0x00007fff62cc5000 	C:\WINDOWS\System32\USER32.dll
0x00007fff62ae0000 - 0x00007fff62afe000 	C:\WINDOWS\System32\win32u.dll
0x00007fff654b0000 - 0x00007fff654e4000 	C:\WINDOWS\System32\GDI32.dll
0x00007fff62720000 - 0x00007fff628a2000 	C:\WINDOWS\System32\gdi32full.dll
0x00007fff56900000 - 0x00007fff56b79000 	C:\WINDOWS\WinSxS\amd64_microsoft.windows.common-controls_6595b64144ccf1df_6.0.14393.0_none_2d0f50fcbdb171b8\COMCTL32.dll
0x00007fff651e0000 - 0x00007fff654a7000 	C:\WINDOWS\System32\combase.dll
0x00007fff61a60000 - 0x00007fff61b55000 	C:\WINDOWS\System32\ucrtbase.dll
0x00007fff61c60000 - 0x00007fff61cca000 	C:\WINDOWS\System32\bcryptPrimitives.dll
0x00007fff63010000 - 0x00007fff6303e000 	C:\WINDOWS\System32\IMM32.DLL
0x00000000639a0000 - 0x0000000063a72000 	C:\Program Files\Java\jdk1.8.0_20\jre\bin\msvcr100.dll
0x0000000063140000 - 0x0000000063998000 	C:\Program Files\Java\jdk1.8.0_20\jre\bin\server\jvm.dll
0x00007fff651d0000 - 0x00007fff651d8000 	C:\WINDOWS\System32\PSAPI.DLL
0x00007fff54c60000 - 0x00007fff54c69000 	C:\WINDOWS\SYSTEM32\WSOCK32.dll
0x00007fff5ef30000 - 0x00007fff5ef53000 	C:\WINDOWS\SYSTEM32\WINMM.dll
0x00007fff62e70000 - 0x00007fff62eda000 	C:\WINDOWS\System32\WS2_32.dll
0x0000000001030000 - 0x000000000105b000 	C:\WINDOWS\SYSTEM32\WINMMBASE.dll
0x00007fff61b60000 - 0x00007fff61ba2000 	C:\WINDOWS\System32\cfgmgr32.dll
0x0000000064930000 - 0x000000006493f000 	C:\Program Files\Java\jdk1.8.0_20\jre\bin\verify.dll
0x0000000063110000 - 0x0000000063138000 	C:\Program Files\Java\jdk1.8.0_20\jre\bin\java.dll
0x00000000630f0000 - 0x0000000063106000 	C:\Program Files\Java\jdk1.8.0_20\jre\bin\zip.dll
0x00007fff63970000 - 0x00007fff64e78000 	C:\WINDOWS\System32\SHELL32.dll
0x00007fff61ef0000 - 0x00007fff625ca000 	C:\WINDOWS\System32\windows.storage.dll
0x00007fff619d0000 - 0x00007fff61a1c000 	C:\WINDOWS\System32\powrprof.dll
0x00007fff65170000 - 0x00007fff651c2000 	C:\WINDOWS\System32\shlwapi.dll
0x00007fff61a50000 - 0x00007fff61a5f000 	C:\WINDOWS\System32\kernel.appcore.dll
0x00007fff61bb0000 - 0x00007fff61c59000 	C:\WINDOWS\System32\shcore.dll
0x00007fff61a20000 - 0x00007fff61a34000 	C:\WINDOWS\System32\profapi.dll
0x000000049cbd0000 - 0x000000049cc02000 	C:\cygwin64\usr\local\bin\PQP.dll
0x00000003ff1f0000 - 0x00000003ff342000 	C:\cygwin64\bin\cygstdc++-6.dll
0x00000003ffcc0000 - 0x00000003ffcda000 	C:\cygwin64\bin\cyggcc_s-seh-1.dll
0x0000000180040000 - 0x0000000180610000 	C:\cygwin64\bin\cygwin1.dll
0x0000000062f30000 - 0x00000000630c8000 	C:\Program Files\Java\jdk1.8.0_20\jre\bin\awt.dll
0x00007fff63680000 - 0x00007fff6373f000 	C:\WINDOWS\System32\OLEAUT32.dll
0x00007fff625d0000 - 0x00007fff6266c000 	C:\WINDOWS\System32\msvcp_win.dll
0x00007fff5ef70000 - 0x00007fff5ef96000 	C:\WINDOWS\system32\DWMAPI.DLL
0x00007fff601c0000 - 0x00007fff60255000 	C:\WINDOWS\system32\uxtheme.dll
0x00007fff63810000 - 0x00007fff6396b000 	C:\WINDOWS\System32\MSCTF.dll
0x00007fff48bc0000 - 0x00007fff48c08000 	C:\Program Files (x86)\TeamViewer\tv_x64.dll
0x00007fff64e80000 - 0x00007fff64fb7000 	C:\WINDOWS\System32\ole32.dll
0x00007fff58fe0000 - 0x00007fff58fea000 	C:\WINDOWS\SYSTEM32\VERSION.dll
0x00007fff55320000 - 0x00007fff554ad000 	C:\WINDOWS\system32\d3d9.dll
0x00007fff32330000 - 0x00007fff333d3000 	C:\WINDOWS\System32\DriverStore\FileRepository\nvaewu.inf_amd64_8cbfa7509ac4e6cb\nvd3dumx.dll
0x00007fff57800000 - 0x00007fff5796a000 	C:\Program Files (x86)\NVIDIA Corporation\3D Vision\nvSCPAPI64.dll
0x00007fff63250000 - 0x00007fff63679000 	C:\WINDOWS\System32\SETUPAPI.dll
0x00000000222b0000 - 0x0000000022438000 	C:\WINDOWS\system32\nvspcap64.dll
0x0000000062ee0000 - 0x0000000062f27000 	C:\Program Files\Java\jdk1.8.0_20\jre\bin\fontmanager.dll
0x00000000630d0000 - 0x00000000630ea000 	C:\Program Files\Java\jdk1.8.0_20\jre\bin\net.dll
0x00007fff611a0000 - 0x00007fff611fc000 	C:\WINDOWS\system32\mswsock.dll
0x0000000062ec0000 - 0x0000000062ed1000 	C:\Program Files\Java\jdk1.8.0_20\jre\bin\nio.dll
0x0000000062e70000 - 0x0000000062eb1000 	C:\Program Files\Java\jdk1.8.0_20\jre\bin\t2k.dll
0x00007fff61440000 - 0x00007fff61457000 	C:\WINDOWS\SYSTEM32\CRYPTSP.dll
0x00007fff61320000 - 0x00007fff61353000 	C:\WINDOWS\system32\rsaenh.dll
0x00007fff61910000 - 0x00007fff6193b000 	C:\WINDOWS\SYSTEM32\bcrypt.dll
0x00007fff61020000 - 0x00007fff6103f000 	C:\WINDOWS\SYSTEM32\USERENV.dll
0x00007fff61460000 - 0x00007fff6146b000 	C:\WINDOWS\SYSTEM32\CRYPTBASE.dll
0x00007fff60f30000 - 0x00007fff60f68000 	C:\WINDOWS\SYSTEM32\IPHLPAPI.DLL
0x00007fff637e0000 - 0x00007fff637e8000 	C:\WINDOWS\System32\NSI.dll
0x00007fff59510000 - 0x00007fff59526000 	C:\WINDOWS\SYSTEM32\dhcpcsvc6.DLL
0x00007fff594f0000 - 0x00007fff5950a000 	C:\WINDOWS\SYSTEM32\dhcpcsvc.DLL
0x00000000225c0000 - 0x00000000225cd000 	C:\Users\rex.ying0923\AppData\Local\Temp\jogamp_0000\file_cache\jln7864573353662732998\jln4958082652124362711\natives\windows-amd64\gluegen-rt.dll
0x00000000647e0000 - 0x00000000647e7000 	C:\Program Files\Java\jdk1.8.0_20\jre\bin\jawt.dll
0x000000006a440000 - 0x000000006a44d000 	C:\Users\rex.ying0923\AppData\Local\Temp\jogamp_0000\file_cache\jln7864573353662732998\jln4958082652124362711\natives\windows-amd64\nativewindow_awt.dll
0x000000006c100000 - 0x000000006c10f000 	C:\Users\rex.ying0923\AppData\Local\Temp\jogamp_0000\file_cache\jln7864573353662732998\jln4958082652124362711\natives\windows-amd64\nativewindow_win32.dll
0x00007fff37290000 - 0x00007fff373b3000 	C:\WINDOWS\SYSTEM32\OpenGL32.dll
0x00007fff4e4d0000 - 0x00007fff4e4fd000 	C:\WINDOWS\SYSTEM32\GLU32.dll
0x00007fff36f10000 - 0x00007fff37007000 	C:\WINDOWS\SYSTEM32\DDRAW.dll
0x00007fff51480000 - 0x00007fff51488000 	C:\WINDOWS\SYSTEM32\DCIMAN32.dll
0x0000000064500000 - 0x00000000645b1000 	C:\Users\rex.ying0923\AppData\Local\Temp\jogamp_0000\file_cache\jln7864573353662732998\jln4958082652124362711\natives\windows-amd64\jogl_desktop.dll
0x0000000064340000 - 0x00000000643a2000 	C:\Users\rex.ying0923\AppData\Local\Temp\jogamp_0000\file_cache\jln7864573353662732998\jln4958082652124362711\natives\windows-amd64\jogl_mobile.dll
0x0000000061000000 - 0x0000000062e6c000 	C:\WINDOWS\SYSTEM32\nvoglv64.DLL
0x00007fff5e720000 - 0x00007fff5e733000 	C:\WINDOWS\SYSTEM32\WTSAPI32.dll
0x00007fff52650000 - 0x00007fff527e2000 	C:\WINDOWS\SYSTEM32\dbghelp.dll
0x00007fff60590000 - 0x00007fff605b8000 	C:\WINDOWS\SYSTEM32\DEVOBJ.dll
0x00007fff62a80000 - 0x00007fff62ad5000 	C:\WINDOWS\System32\WINTRUST.dll
0x00007fff61a40000 - 0x00007fff61a50000 	C:\WINDOWS\System32\MSASN1.dll
0x00007fff628b0000 - 0x00007fff62a78000 	C:\WINDOWS\System32\CRYPT32.dll
0x00007fff60d80000 - 0x00007fff60db2000 	C:\WINDOWS\SYSTEM32\ntmarta.dll
0x00007fff618b0000 - 0x00007fff61906000 	C:\WINDOWS\SYSTEM32\WINSTA.dll
0x00007fff58b30000 - 0x00007fff58bdc000 	C:\WINDOWS\WinSxS\amd64_microsoft.windows.common-controls_6595b64144ccf1df_5.82.14393.0_none_4151bdeb4bbdd21f\comctl32.dll
0x00007fff63740000 - 0x00007fff637df000 	C:\WINDOWS\System32\clbcatq.dll
0x00007fff5ed60000 - 0x00007fff5eee5000 	C:\WINDOWS\system32\propsys.dll
0x00007fff4d160000 - 0x00007fff4d287000 	C:\WINDOWS\system32\NetworkExplorer.dll
0x00007fff55a40000 - 0x00007fff55da5000 	C:\Windows\System32\ActXPrxy.dll
0x00007fff54380000 - 0x00007fff5439b000 	C:\WINDOWS\SYSTEM32\MPR.dll
0x00007fff54920000 - 0x00007fff54936000 	C:\WINDOWS\System32\ntlanman.dll
0x00007fff57ab0000 - 0x00007fff57abb000 	C:\WINDOWS\System32\drprov.dll
0x00007fff516b0000 - 0x00007fff516d0000 	C:\WINDOWS\System32\davclnt.dll
0x00007fff54910000 - 0x00007fff5491c000 	C:\WINDOWS\System32\DAVHLPR.dll
0x00007fff5e740000 - 0x00007fff5e756000 	C:\WINDOWS\System32\wkscli.dll
0x00007fff52460000 - 0x00007fff52472000 	C:\WINDOWS\SYSTEM32\cscapi.dll
0x00007fff61010000 - 0x00007fff6101d000 	C:\WINDOWS\System32\netutils.dll
0x00007fff4f3e0000 - 0x00007fff4f42d000 	C:\Windows\System32\dlnashext.dll
0x00007fff4fbd0000 - 0x00007fff4fc40000 	C:\Windows\System32\PlayToDevice.dll
0x00007fff52520000 - 0x00007fff5253e000 	C:\Windows\System32\DevDispItemProvider.dll
0x00007fff59240000 - 0x00007fff592b1000 	C:\WINDOWS\System32\MMDevApi.dll
0x00007fff37010000 - 0x00007fff3720f000 	C:\WINDOWS\system32\wpdshext.dll
0x00007fff58990000 - 0x00007fff58b2a000 	C:\WINDOWS\WinSxS\amd64_microsoft.windows.gdiplus_6595b64144ccf1df_1.1.14393.321_none_72fe05dd211a5fae\gdiplus.dll
0x00007fff5dea0000 - 0x00007fff5df3e000 	C:\Windows\System32\PortableDeviceApi.dll
0x00007fff5e2e0000 - 0x00007fff5e312000 	C:\Windows\System32\PortableDeviceTypes.dll
0x00007fff4e160000 - 0x00007fff4e196000 	C:\Windows\System32\EhStorShell.dll
0x00007fff54970000 - 0x00007fff54995000 	C:\Windows\System32\EhStorAPI.dll
0x00007fff4da60000 - 0x00007fff4da70000 	C:\WINDOWS\SYSTEM32\LINKINFO.dll
0x00007fff5eb00000 - 0x00007fff5eca8000 	C:\WINDOWS\SYSTEM32\WindowsCodecs.dll
0x00007fff49dd0000 - 0x00007fff49e19000 	C:\WINDOWS\system32\dataexchange.dll
0x00007fff5df40000 - 0x00007fff5e1f6000 	C:\WINDOWS\system32\d3d11.dll
0x00007fff5f870000 - 0x00007fff5f9c1000 	C:\WINDOWS\system32\dcomp.dll
0x00007fff60900000 - 0x00007fff6099f000 	C:\WINDOWS\system32\dxgi.dll
0x00007fff60360000 - 0x00007fff6047c000 	C:\WINDOWS\system32\twinapi.appcore.dll

VM Arguments:
jvm_args: -Dfile.encoding=GBK 
java_command: particlefluids.ParticleSystemBuilder
java_class_path (initial): C:\Users\rex.ying0923\Documents\Duke\main\CS\graphics\animation & simulation\hw\PBF\target\classes;C:\Users\rex.ying0923\.p2\pool\plugins\org.junit_4.12.0.v201504281640\junit.jar;C:\Users\rex.ying0923\.p2\pool\plugins\org.hamcrest.core_1.3.0.v201303031735.jar;C:\Users\rex.ying0923\.m2\repository\org\jogamp\jogl\jogl-all-main\2.3.2\jogl-all-main-2.3.2.jar;C:\Users\rex.ying0923\.m2\repository\org\jogamp\jogl\jogl-all\2.3.2\jogl-all-2.3.2.jar;C:\Users\rex.ying0923\.m2\repository\org\jogamp\jogl\jogl-all\2.3.2\jogl-all-2.3.2-natives-android-aarch64.jar;C:\Users\rex.ying0923\.m2\repository\org\jogamp\jogl\jogl-all\2.3.2\jogl-all-2.3.2-natives-android-armv6.jar;C:\Users\rex.ying0923\.m2\repository\org\jogamp\jogl\jogl-all\2.3.2\jogl-all-2.3.2-natives-linux-amd64.jar;C:\Users\rex.ying0923\.m2\repository\org\jogamp\jogl\jogl-all\2.3.2\jogl-all-2.3.2-natives-linux-armv6.jar;C:\Users\rex.ying0923\.m2\repository\org\jogamp\jogl\jogl-all\2.3.2\jogl-all-2.3.2-natives-linux-armv6hf.jar;C:\Users\rex.ying0923\.m2\repository\org\jogamp\jogl\jogl-all\2.3.2\jogl-all-2.3.2-natives-linux-i586.jar;C:\Users\rex.ying0923\.m2\repository\org\jogamp\jogl\jogl-all\2.3.2\jogl-all-2.3.2-natives-macosx-universal.jar;C:\Users\rex.ying0923\.m2\repository\org\jogamp\jogl\jogl-all\2.3.2\jogl-all-2.3.2-natives-solaris-amd64.jar;C:\Users\rex.ying0923\.m2\repository\org\jogamp\jogl\jogl-all\2.3.2\jogl-all-2.3.2-natives-solaris-i586.jar;C:\Users\rex.ying0923\.m2\repository\org\jogamp\jogl\jogl-all\2.3.2\jogl-all-2.3.2-natives-windows-amd64.jar;C:\Users\rex.ying0923\.m2\repository\org\jogamp\jogl\jogl-all\2.3.2\jogl-all-2.3.2-natives-windows-i586.jar;C:\Users\rex.ying0923\.m2\repository\org\jogamp\gluegen\gluegen-rt-main\2.3.2\gluegen-rt-main-2.3.2.jar;C:\Users\rex.ying0923\.m2\repository\org\jogamp\gluegen\gluegen-rt\2.3.2\gluegen-rt-2.3.2.jar;C:\Users\rex.ying0923\.m2\repository\org\jogamp\gluegen\gluegen-rt\2.3.2\gluegen-rt-2.3.2-natives-android-aarch64.jar;C:\Users\rex.yin
Launcher Type: SUN_STANDARD

Environment Variables:
JAVA_HOME=C:\Program Files\Java\jdk1.8.0_20
PATH=C:/Program Files/Java/jre1.8.0_111/bin/server;C:/Program Files/Java/jre1.8.0_111/bin;C:/Program Files/Java/jre1.8.0_111/lib/amd64;C:\Program Files (x86)\NVIDIA Corporation\PhysX\Common;C:\Program Files\NVIDIA GPU Computing Toolkit\CUDA\v6.5\bin;C:\Program Files\NVIDIA GPU Computing Toolkit\CUDA\v6.5\libnvvp;C:\ProgramData\Oracle\Java\javapath;C:\Program Files (x86)\Intel\iCLS Client\;C:\Program Files\Intel\iCLS Client\;C:\Windows\system32;C:\Windows;C:\Windows\System32\Wbem;C:\Windows\System32\WindowsPowerShell\v1.0\;C:\Program Files\Intel\Intel(R) Management Engine Components\DAL;C:\Program Files\Intel\Intel(R) Management Engine Components\IPT;C:\Program Files (x86)\Intel\Intel(R) Management Engine Components\DAL;C:\Program Files (x86)\Intel\Intel(R) Management Engine Components\IPT;C:\Program Files\Acer\Remote Files\;C:\Program Files (x86)\PharosSystems\Core;C:\Program Files\MATLAB\R2014b\runtime\win64;C:\Program Files\MATLAB\R2014b\bin;C:\Program Files\Microsoft Windows Performance Toolkit\;C:\Program Files\TortoiseSVN\bin;C:\Program Files\Microsoft SQL Server\110\Tools\Binn\;C:\Program Files (x86)\Microsoft SDKs\TypeScript\1.0\;C:\Program Files\Microsoft SQL Server\120\Tools\Binn\;C:\Program Files\MATLAB\R2014a\runtime\win64;C:\Program Files\MATLAB\R2014a\bin;C:\Program Files (x86)\SMLNJ\bin\;C:\ProgramData\chocolatey\bin;C:\WINDOWS\system32;C:\WINDOWS;C:\WINDOWS\System32\Wbem;C:\WINDOWS\System32\WindowsPowerShell\v1.0\;C:\Program Files (x86)\Skype\Phone\;C:\texlive\2015\bin\win32;C:\Users\rex.ying0923\Anaconda3;C:\Users\rex.ying0923\Anaconda3\Scripts;C:\Users\rex.ying0923\AppData\Local\Programs\Python\Python35-32\Scripts\;C:\Users\rex.ying0923\AppData\Local\Programs\Python\Python35-32\;C:\texlive\2014\bin\win32;C:\cygwin64\bin;C:\cygwin64\usr\local\bin;C:\Users\rex.ying0923\Desktop;
USERNAME=rex.ying0923
OS=Windows_NT
PROCESSOR_IDENTIFIER=Intel64 Family 6 Model 60 Stepping 3, GenuineIntel



---------------  S Y S T E M  ---------------

OS: Windows 8.1 , 64 bit Build 9600 

CPU:total 8 (4 cores per cpu, 2 threads per core) family 6 model 60 stepping 3, cmov, cx8, fxsr, mmx, sse, sse2, sse3, ssse3, sse4.1, sse4.2, popcnt, avx, avx2, aes, clmul, erms, lzcnt, ht, tsc, tscinvbit, bmi1, bmi2

Memory: 4k page, physical 12500572k(6858712k free), swap 13287004k(5411676k free)

vm_info: Java HotSpot(TM) 64-Bit Server VM (25.20-b23) for windows-amd64 JRE (1.8.0_20-b26), built on Jul 30 2014 13:51:23 by "java_re" with MS VC++ 10.0 (VS2010)

time: Sun Oct 23 13:32:35 2016
elapsed time: 10 seconds (0d 0h 0m 10s)

